

Version:	3.9
CmdLine:	C:\Users\Hi\Documents\NetBeansProjects\MathGame\MathGame.exe --l4j-debug
WOW64:		no
Working dir:	C:\Users\Hi\Documents\NetBeansProjects\MathGame\.
Bundled JRE:	C:\Program Files\Java\jre1.8.0_181
Check launcher:	C:\Program Files\Java\jre1.8.0_181\bin\javaw.exe (OK)
Launcher:	C:\Program Files\Java\jre1.8.0_181\bin\javaw.exe
Launcher args:	-jar "C:\Users\Hi\Documents\NetBeansProjects\MathGame\MathGame.exe"
Args length:	67/32768 chars
Exit code:	259


Version:	3.9
CmdLine:	C:\Users\Hi\Documents\NetBeansProjects\MathGame\MathGame.exe --l4j-debug
WOW64:		no
Working dir:	C:\Users\Hi\Documents\NetBeansProjects\MathGame\.
Bundled JRE:	C:\Program Files\Java\jre1.8.0_181
Check launcher:	C:\Program Files\Java\jre1.8.0_181\bin\javaw.exe (OK)
Launcher:	C:\Program Files\Java\jre1.8.0_181\bin\javaw.exe
Launcher args:	-jar "C:\Users\Hi\Documents\NetBeansProjects\MathGame\MathGame.exe"
Args length:	67/32768 chars
Exit code:	259


Version:	3.9
CmdLine:	C:\Users\Hi\Documents\NetBeansProjects\MathGame\MathGame.exe --l4j-debug
WOW64:		no
Working dir:	C:\Users\Hi\Documents\NetBeansProjects\MathGame\.
Bundled JRE:	C:\Program Files\Java\jre1.8.0_181
Check launcher:	C:\Program Files\Java\jre1.8.0_181\bin\javaw.exe (OK)
Launcher:	C:\Program Files\Java\jre1.8.0_181\bin\javaw.exe
Launcher args:	-jar "C:\Users\Hi\Documents\NetBeansProjects\MathGame\MathGame.exe"
Args length:	67/32768 chars
Exit code:	259


Version:	3.9
CmdLine:	C:\Users\Hi\Documents\NetBeansProjects\MathGame\MathGame.exe --l4j-debug
WOW64:		no
Working dir:	C:\Users\Hi\Documents\NetBeansProjects\MathGame\.
Bundled JRE:	C:\Program Files\Java\jre1.8.0_181
Check launcher:	C:\Program Files\Java\jre1.8.0_181\bin\javaw.exe (OK)
Launcher:	C:\Program Files\Java\jre1.8.0_181\bin\javaw.exe
Launcher args:	-jar "C:\Users\Hi\Documents\NetBeansProjects\MathGame\MathGame.exe"
Args length:	67/32768 chars
Exit code:	259
